"C:\Program Files\Java\jdk1.8.0_162\bin\java" -ea -Didea.test.cyclic.buffer.size=1048576 "-javaagent:C:\Program Files\JetBrains\IntelliJ IDEA Community Edition 2017.3.4\lib\idea_rt.jar=52872:C:\Program Files\JetBrains\IntelliJ IDEA Community Edition 2017.3.4\bin" -Dfile.encoding=UTF-8 -classpath "C:\Program Files\JetBrains\IntelliJ IDEA Community Edition 2017.3.4\lib\idea_rt.jar;C:\Program Files\JetBrains\IntelliJ IDEA Community Edition 2017.3.4\plugins\testng\lib\testng-plugin.jar;C:\Program Files\Java\jdk1.8.0_162\jre\lib\charsets.jar;C:\Program Files\Java\jdk1.8.0_162\jre\lib\deploy.jar;C:\Program Files\Java\jdk1.8.0_162\jre\lib\ext\access-bridge-64.jar;C:\Program Files\Java\jdk1.8.0_162\jre\lib\ext\cldrdata.jar;C:\Program Files\Java\jdk1.8.0_162\jre\lib\ext\dnsns.jar;C:\Program Files\Java\jdk1.8.0_162\jre\lib\ext\jaccess.jar;C:\Program Files\Java\jdk1.8.0_162\jre\lib\ext\jfxrt.jar;C:\Program Files\Java\jdk1.8.0_162\jre\lib\ext\localedata.jar;C:\Program Files\Java\jdk1.8.0_162\jre\lib\ext\nashorn.jar;C:\Program Files\Java\jdk1.8.0_162\jre\lib\ext\sunec.jar;C:\Program Files\Java\jdk1.8.0_162\jre\lib\ext\sunjce_provider.jar;C:\Program Files\Java\jdk1.8.0_162\jre\lib\ext\sunmscapi.jar;C:\Program Files\Java\jdk1.8.0_162\jre\lib\ext\sunpkcs11.jar;C:\Program Files\Java\jdk1.8.0_162\jre\lib\ext\zipfs.jar;C:\Program Files\Java\jdk1.8.0_162\jre\lib\javaws.jar;C:\Program Files\Java\jdk1.8.0_162\jre\lib\jce.jar;C:\Program Files\Java\jdk1.8.0_162\jre\lib\jfr.jar;C:\Program Files\Java\jdk1.8.0_162\jre\lib\jfxswt.jar;C:\Program Files\Java\jdk1.8.0_162\jre\lib\jsse.jar;C:\Program Files\Java\jdk1.8.0_162\jre\lib\management-agent.jar;C:\Program Files\Java\jdk1.8.0_162\jre\lib\plugin.jar;C:\Program Files\Java\jdk1.8.0_162\jre\lib\resources.jar;C:\Program Files\Java\jdk1.8.0_162\jre\lib\rt.jar;D:\TESTOWANIE\java_kurs_zadania\Repository_-homework_1\addressbook-web-tests\out\test\classes;C:\Users\mariu\.gradle\caches\modules-2\files-2.1\org.testng\testng\6.14.2\10c93c2c0d165e895a7582dfd8b165f108658db5\testng-6.14.2.jar;C:\Users\mariu\.gradle\caches\modules-2\files-2.1\org.seleniumhq.selenium\selenium-java\3.9.1\5b50d4072e0e51779b6e9f3594106312061bfde\selenium-java-3.9.1.jar;C:\Users\mariu\.gradle\caches\modules-2\files-2.1\com.beust\jcommander\1.72\6375e521c1e11d6563d4f25a07ce124ccf8cd171\jcommander-1.72.jar;C:\Users\mariu\.gradle\caches\modules-2\files-2.1\org.apache-extras.beanshell\bsh\2.0b6\fb418f9b33a0b951e9a2978b4b6ee93b2707e72f\bsh-2.0b6.jar;C:\Users\mariu\.gradle\caches\modules-2\files-2.1\org.seleniumhq.selenium\selenium-chrome-driver\3.9.1\df0199d89751f487a7e68c501bb508eefbf578c6\selenium-chrome-driver-3.9.1.jar;C:\Users\mariu\.gradle\caches\modules-2\files-2.1\org.seleniumhq.selenium\selenium-edge-driver\3.9.1\da79503cffe978e87de259c83efc69442241cd6\selenium-edge-driver-3.9.1.jar;C:\Users\mariu\.gradle\caches\modules-2\files-2.1\org.seleniumhq.selenium\selenium-firefox-driver\3.9.1\9d8c9db0d86054527033cd1e97c862b5597ac00\selenium-firefox-driver-3.9.1.jar;C:\Users\mariu\.gradle\caches\modules-2\files-2.1\org.seleniumhq.selenium\selenium-ie-driver\3.9.1\1858f09f8741291303eca679c0edab59ec7d2706\selenium-ie-driver-3.9.1.jar;C:\Users\mariu\.gradle\caches\modules-2\files-2.1\org.seleniumhq.selenium\selenium-opera-driver\3.9.1\dd35d648882c097c422dd1ff2ae1c77565eac070\selenium-opera-driver-3.9.1.jar;C:\Users\mariu\.gradle\caches\modules-2\files-2.1\org.seleniumhq.selenium\selenium-safari-driver\3.9.1\ebda4245b4a2c4f024d9aa82bfb9bc243eca0ebe\selenium-safari-driver-3.9.1.jar;C:\Users\mariu\.gradle\caches\modules-2\files-2.1\org.seleniumhq.selenium\selenium-support\3.9.1\9ce926ca55ec5198812b23f0fce6029443488823\selenium-support-3.9.1.jar;C:\Users\mariu\.gradle\caches\modules-2\files-2.1\org.seleniumhq.selenium\selenium-remote-driver\3.9.1\fa70c733c092b2b4f82209b2be2ea86259203e49\selenium-remote-driver-3.9.1.jar;C:\Users\mariu\.gradle\caches\modules-2\files-2.1\org.seleniumhq.selenium\selenium-api\3.9.1\d5447e21f8f90b54d55ffaeaed21c2eefb7f9e9c\selenium-api-3.9.1.jar;C:\Users\mariu\.gradle\caches\modules-2\files-2.1\net.bytebuddy\byte-buddy\1.7.9\51218a01a882c04d0aba8c028179cce488bbcb58\byte-buddy-1.7.9.jar;C:\Users\mariu\.gradle\caches\modules-2\files-2.1\org.apache.commons\commons-exec\1.3\8dfb9facd0830a27b1b5f29f84593f0aeee7773b\commons-exec-1.3.jar;C:\Users\mariu\.gradle\caches\modules-2\files-2.1\org.apache.httpcomponents\httpclient\4.5.3\d1577ae15f01ef5438c5afc62162457c00a34713\httpclient-4.5.3.jar;C:\Users\mariu\.gradle\caches\modules-2\files-2.1\commons-codec\commons-codec\1.10\4b95f4897fa13f2cd904aee711aeafc0c5295cd8\commons-codec-1.10.jar;C:\Users\mariu\.gradle\caches\modules-2\files-2.1\commons-logging\commons-logging\1.2\4bfc12adfe4842bf07b657f0369c4cb522955686\commons-logging-1.2.jar;C:\Users\mariu\.gradle\caches\modules-2\files-2.1\com.google.code.gson\gson\2.8.2\3edcfe49d2c6053a70a2a47e4e1c2f94998a49cf\gson-2.8.2.jar;C:\Users\mariu\.gradle\caches\modules-2\files-2.1\com.google.guava\guava\23.6-jre\c0b638df79e7b2e1ed98f8d68ac62538a715ab1d\guava-23.6-jre.jar;C:\Users\mariu\.gradle\caches\modules-2\files-2.1\org.apache.httpcomponents\httpcore\4.4.6\e3fd8ced1f52c7574af952e2e6da0df8df08eb82\httpcore-4.4.6.jar;C:\Users\mariu\.gradle\caches\modules-2\files-2.1\com.squareup.okhttp3\okhttp\3.9.1\84b4b7d1c4a238e7899972b7446c250691e65f1f\okhttp-3.9.1.jar;C:\Users\mariu\.gradle\caches\modules-2\files-2.1\com.squareup.okio\okio\1.13.0\a9283170b7305c8d92d25aff02a6ab7e45d06cbe\okio-1.13.0.jar;C:\Users\mariu\.gradle\caches\modules-2\files-2.1\com.google.code.findbugs\jsr305\1.3.9\40719ea6961c0cb6afaeb6a921eaa1f6afd4cfdf\jsr305-1.3.9.jar;C:\Users\mariu\.gradle\caches\modules-2\files-2.1\org.checkerframework\checker-compat-qual\2.0.0\fc89b03860d11d6213d0154a62bcd1c2f69b9efa\checker-compat-qual-2.0.0.jar;C:\Users\mariu\.gradle\caches\modules-2\files-2.1\com.google.errorprone\error_prone_annotations\2.1.3\39b109f2cd352b2d71b52a3b5a1a9850e1dc304b\error_prone_annotations-2.1.3.jar;C:\Users\mariu\.gradle\caches\modules-2\files-2.1\com.google.j2objc\j2objc-annotations\1.1\ed28ded51a8b1c6b112568def5f4b455e6809019\j2objc-annotations-1.1.jar;C:\Users\mariu\.gradle\caches\modules-2\files-2.1\org.codehaus.mojo\animal-sniffer-annotations\1.14\775b7e22fb10026eed3f86e8dc556dfafe35f2d5\animal-sniffer-annotations-1.14.jar;C:\Program Files\JetBrains\IntelliJ IDEA Community Edition 2017.3.4\plugins\testng\lib\jcommander.jar" org.testng.RemoteTestNGStarter -usedefaultlisteners false -socket52871 @w@C:\Users\mariu\AppData\Local\Temp\idea_working_dirs_testng.tmp -temp C:\Users\mariu\AppData\Local\Temp\idea_testng.tmp
mar 03, 2018 10:35:11 AM org.openqa.selenium.remote.ProtocolHandshake createSession
INFO: Detected dialect: OSS

org.openqa.selenium.WebDriverException: [object Object]'[object Object]' when calling method: [nsICommandProcessor::execute]
Command duration or timeout: 0 milliseconds

	at sun.reflect.NativeConstructorAccessorImpl.newInstance0(Native Method)
	at sun.reflect.NativeConstructorAccessorImpl.newInstance(NativeConstructorAccessorImpl.java:62)
	at sun.reflect.DelegatingConstructorAccessorImpl.newInstance(DelegatingConstructorAccessorImpl.java:45)
	at java.lang.reflect.Constructor.newInstance(Constructor.java:423)
	at org.openqa.selenium.remote.ErrorHandler.createThrowable(ErrorHandler.java:214)
	at org.openqa.selenium.remote.ErrorHandler.throwIfResponseFailed(ErrorHandler.java:166)
	at org.openqa.selenium.remote.http.JsonHttpResponseCodec.reconstructValue(JsonHttpResponseCodec.java:40)
	at org.openqa.selenium.remote.http.AbstractHttpResponseCodec.decode(AbstractHttpResponseCodec.java:80)
	at org.openqa.selenium.remote.http.AbstractHttpResponseCodec.decode(AbstractHttpResponseCodec.java:44)
	at org.openqa.selenium.remote.HttpCommandExecutor.execute(HttpCommandExecutor.java:160)
	at org.openqa.selenium.remote.service.DriverCommandExecutor.execute(DriverCommandExecutor.java:83)
	at org.openqa.selenium.remote.RemoteWebDriver.execute(RemoteWebDriver.java:601)
	at org.openqa.selenium.remote.RemoteWebElement.execute(RemoteWebElement.java:279)
	at org.openqa.selenium.remote.RemoteWebElement.click(RemoteWebElement.java:83)
	at pl.stqa.ptf.addressbook.tests.GroupCreationTest.testGroupCreation(GroupCreationTest.java:27)
	at sun.reflect.NativeMethodAccessorImpl.invoke0(Native Method)
	at sun.reflect.NativeMethodAccessorImpl.invoke(NativeMethodAccessorImpl.java:62)
	at sun.reflect.DelegatingMethodAccessorImpl.invoke(DelegatingMethodAccessorImpl.java:43)
	at java.lang.reflect.Method.invoke(Method.java:498)
	at org.testng.internal.MethodInvocationHelper.invokeMethod(MethodInvocationHelper.java:124)
	at org.testng.internal.Invoker.invokeMethod(Invoker.java:580)
	at org.testng.internal.Invoker.invokeTestMethod(Invoker.java:716)
	at org.testng.internal.Invoker.invokeTestMethods(Invoker.java:988)
	at org.testng.internal.TestMethodWorker.invokeTestMethods(TestMethodWorker.java:125)
	at org.testng.internal.TestMethodWorker.run(TestMethodWorker.java:109)
	at org.testng.TestRunner.privateRun(TestRunner.java:648)
	at org.testng.TestRunner.run(TestRunner.java:505)
	at org.testng.SuiteRunner.runTest(SuiteRunner.java:455)
	at org.testng.SuiteRunner.runSequentially(SuiteRunner.java:450)
	at org.testng.SuiteRunner.privateRun(SuiteRunner.java:415)
	at org.testng.SuiteRunner.run(SuiteRunner.java:364)
	at org.testng.SuiteRunnerWorker.runSuite(SuiteRunnerWorker.java:52)
	at org.testng.SuiteRunnerWorker.run(SuiteRunnerWorker.java:84)
	at org.testng.TestNG.runSuitesSequentially(TestNG.java:1208)
	at org.testng.TestNG.runSuitesLocally(TestNG.java:1137)
	at org.testng.TestNG.runSuites(TestNG.java:1049)
	at org.testng.TestNG.run(TestNG.java:1017)
	at org.testng.IDEARemoteTestNG.run(IDEARemoteTestNG.java:72)
	at org.testng.RemoteTestNGStarter.main(RemoteTestNGStarter.java:123)
Caused by: org.openqa.selenium.WebDriverException: [object Object]'[object Object]' when calling method: [nsICommandProcessor::execute]
Build info: version: '3.9.1', revision: '63f7b50', time: '2018-02-07T22:25:02.294Z'
System info: host: 'DESKTOP-DBVKAUC', ip: '172.19.122.162', os.name: 'Windows 10', os.arch: 'amd64', os.version: '10.0', java.version: '1.8.0_162'
Driver info: driver.version: unknown
	at <anonymous class>.Dispatcher.executeAs/<(file:///C:/Users/mariu/AppData/Local/Temp/anonymous5727059847695795868webdriver-profile/extensions/fxdriver@googlecode.com/components/driver-component.js:11205)
	at <anonymous class>.Resource.prototype.handle(file:///C:/Users/mariu/AppData/Local/Temp/anonymous5727059847695795868webdriver-profile/extensions/fxdriver@googlecode.com/components/driver-component.js:11354)
	at <anonymous class>.Dispatcher.prototype.dispatch(file:///C:/Users/mariu/AppData/Local/Temp/anonymous5727059847695795868webdriver-profile/extensions/fxdriver@googlecode.com/components/driver-component.js:11301)
	at <anonymous class>.WebDriverServer/<.handle(file:///C:/Users/mariu/AppData/Local/Temp/anonymous5727059847695795868webdriver-profile/extensions/fxdriver@googlecode.com/components/driver-component.js:13223)
	at <anonymous class>.createHandlerFunc/<(file:///C:/Users/mariu/AppData/Local/Temp/anonymous5727059847695795868webdriver-profile/extensions/fxdriver@googlecode.com/components/httpd.js:2054)
	at <anonymous class>.ServerHandler.prototype.handleResponse(file:///C:/Users/mariu/AppData/Local/Temp/anonymous5727059847695795868webdriver-profile/extensions/fxdriver@googlecode.com/components/httpd.js:2387)
	at <anonymous class>.Connection.prototype.process(file:///C:/Users/mariu/AppData/Local/Temp/anonymous5727059847695795868webdriver-profile/extensions/fxdriver@googlecode.com/components/httpd.js:1223)
	at <anonymous class>.RequestReader.prototype._handleResponse(file:///C:/Users/mariu/AppData/Local/Temp/anonymous5727059847695795868webdriver-profile/extensions/fxdriver@googlecode.com/components/httpd.js:1677)
	at <anonymous class>.RequestReader.prototype._processBody(file:///C:/Users/mariu/AppData/Local/Temp/anonymous5727059847695795868webdriver-profile/extensions/fxdriver@googlecode.com/components/httpd.js:1525)
	at <anonymous class>.RequestReader.prototype.onInputStreamReady(file:///C:/Users/mariu/AppData/Local/Temp/anonymous5727059847695795868webdriver-profile/extensions/fxdriver@googlecode.com/components/httpd.js:1393)


===============================================
Default Suite
Total tests run: 1, Failures: 1, Skips: 0
===============================================


Process finished with exit code 0
